<?xml version="1.0" encoding="UTF-8"?>
<!-- Generated by org.testng.reporters.JUnitReportReporter -->
<testsuite hostname="MAHESH" failures="0" tests="1" name="driverFactory.PomTestScript" time="84.116" errors="0" timestamp="2024-12-18T17:10:19 IST" skipped="0">
  <testcase classname="driverFactory.PomTestScript" name="startTest" time="84.116"/>
  <system-out>
    <![CDATA[no of row =6
2717
Add employee sucessfully===2717====2717
2718
Add employee sucessfully===2718====2718
2719
Add employee sucessfully===2719====2719
2720
Add employee sucessfully===2720====2720
2721
Add employee sucessfully===2721====2721
2722
Add employee sucessfully===2722====2722]]>
  </system-out>
</testsuite> <!-- driverFactory.PomTestScript -->
