<?xml version="1.0" encoding="UTF-8"?>
<!-- Generated by org.testng.reporters.JUnitReportReporter -->
<testsuite hostname="MAHESH" failures="0" tests="1" name="driverFactory.DriverScript" time="50.304" errors="0" timestamp="2024-12-12T18:43:13 IST" skipped="0">
  <testcase classname="driverFactory.DriverScript" name="startTest" time="50.304"/>
  <system-out>
    <![CDATA[Valid username and passworddashboard===http://orangehrm.qedgetech.com/symfony/web/index.php/dashboard
Login Sucessfull
inValid username and passworddashboard===http://orangehrm.qedgetech.com/symfony/web/index.php/auth/validateCredentials
Invalid credentials
Login unSucessfull
inValid username and passworddashboard===http://orangehrm.qedgetech.com/symfony/web/index.php/auth/validateCredentials
Invalid credentials
Login unSucessfull
inValid username and passworddashboard===http://orangehrm.qedgetech.com/symfony/web/index.php/auth/validateCredentials
Invalid credentials
Login unSucessfull
Valid username and passworddashboard===http://orangehrm.qedgetech.com/symfony/web/index.php/dashboard
Login Sucessfull]]>
  </system-out>
</testsuite> <!-- driverFactory.DriverScript -->
